<?xml version="1.0" encoding="UTF-8"?>
<!-- Generated by org.testng.reporters.JUnitReportReporter -->
<testsuite skipped="0" hostname="Binup-PC" name="com.binupjewelry.tests.SearchAndBuyRingTest" tests="2" failures="0" timestamp="23 May 2017 04:37:56 GMT" time="10.808" errors="0">
  <testcase name="login" time="6.710" classname="com.binupjewelry.tests.SearchAndBuyRingTest"/>
  <testcase name="searchRing" time="4.098" classname="com.binupjewelry.tests.SearchAndBuyRingTest"/>
</testsuite> <!-- com.binupjewelry.tests.SearchAndBuyRingTest -->
