<?xml version="1.0" encoding="UTF-8"?>
<!-- Generated by org.testng.reporters.JUnitReportReporter -->
<testsuite skipped="0" hostname="Binup-PC" name="com.binupjewelry.tests.LoginAndSearchRingTest" tests="2" failures="0" timestamp="24 May 2017 03:21:14 GMT" time="17.953" errors="0">
  <testcase name="login" time="11.336" classname="com.binupjewelry.tests.LoginAndSearchRingTest"/>
  <testcase name="searchRing" time="6.617" classname="com.binupjewelry.tests.LoginAndSearchRingTest"/>
</testsuite> <!-- com.binupjewelry.tests.LoginAndSearchRingTest -->
